<?xml version="1.0" encoding="UTF-8"?>
<!-- Generated by org.testng.reporters.JUnitReportReporter -->
<testsuite hostname="MAN-Dell1076" name="xpanxion.SDETexam.selenium.test.FooterTest" tests="15" failures="0" timestamp="1 Jun 2015 19:07:41 GMT" time="364.704" errors="0">
  <testcase name="testMissionNavFooter" time="23.006" classname="xpanxion.SDETexam.selenium.test.FooterTest"/>
  <testcase name="testIndiaNavFooter" time="26.336" classname="xpanxion.SDETexam.selenium.test.FooterTest"/>
  <testcase name="testCareersNavFooter" time="24.178" classname="xpanxion.SDETexam.selenium.test.FooterTest"/>
  <testcase name="testQualityAssurNavFooter" time="23.025" classname="xpanxion.SDETexam.selenium.test.FooterTest"/>
  <testcase name="testNewsNavFooter" time="23.488" classname="xpanxion.SDETexam.selenium.test.FooterTest"/>
  <testcase name="testServicesNavFooter" time="24.300" classname="xpanxion.SDETexam.selenium.test.FooterTest"/>
  <testcase name="testApproachNavFooter" time="27.015" classname="xpanxion.SDETexam.selenium.test.FooterTest"/>
  <testcase name="testCrossSourcingNavFooter" time="24.714" classname="xpanxion.SDETexam.selenium.test.FooterTest"/>
  <testcase name="testUnitedStatesNavFooter" time="29.291" classname="xpanxion.SDETexam.selenium.test.FooterTest"/>
  <testcase name="testBusnessIntNavFooter" time="22.584" classname="xpanxion.SDETexam.selenium.test.FooterTest"/>
  <testcase name="testAboutPageNavFooter" time="24.120" classname="xpanxion.SDETexam.selenium.test.FooterTest"/>
  <testcase name="testOurStoryNavFooter" time="22.077" classname="xpanxion.SDETexam.selenium.test.FooterTest"/>
  <testcase name="testLocationsNavFooter" time="24.291" classname="xpanxion.SDETexam.selenium.test.FooterTest"/>
  <testcase name="testBridgepointNavFooter" time="24.010" classname="xpanxion.SDETexam.selenium.test.FooterTest"/>
  <testcase name="testSoftwareDevNavFooter" time="22.269" classname="xpanxion.SDETexam.selenium.test.FooterTest"/>
</testsuite> <!-- xpanxion.SDETexam.selenium.test.FooterTest -->
