<?xml version="1.0" encoding="UTF-8"?>
<!-- Generated by org.testng.reporters.JUnitReportReporter -->
<testsuite hostname="MAN-Dell1076" name="xpanxion.SDETexam.selenium.test.EmptyContactFormSubmitTest" tests="2" failures="0" timestamp="1 Jun 2015 19:48:37 GMT" time="54.547" errors="0">
  <testcase name="testContactPage" time="27.911" classname="xpanxion.SDETexam.selenium.test.EmptyContactFormSubmitTest"/>
  <testcase name="contactPageVerifyErrorsDisplay" time="26.636" classname="xpanxion.SDETexam.selenium.test.EmptyContactFormSubmitTest"/>
</testsuite> <!-- xpanxion.SDETexam.selenium.test.EmptyContactFormSubmitTest -->
