<?xml version="1.0" encoding="UTF-8"?>
<!-- Generated by org.testng.reporters.JUnitReportReporter -->
<testsuite hostname="MAN-Dell1076" name="com.xpanxion.training.java.selenium.automation.EmptyContactFormSubmitTest" tests="1" failures="0" timestamp="1 Jun 2015 14:52:56 GMT" time="31.879" errors="0">
  <testcase name="testContactPageEmptySubmit" time="31.879" classname="com.xpanxion.training.java.selenium.automation.EmptyContactFormSubmitTest"/>
</testsuite> <!-- com.xpanxion.training.java.selenium.automation.EmptyContactFormSubmitTest -->
