<?xml version="1.0" encoding="UTF-8"?>
<!-- Generated by org.testng.reporters.JUnitReportReporter -->
<testsuite hostname="MAN-Dell1076" name="com.xpanxion.training.java.selenium.automation.homeHeaderTest" tests="1" failures="0" timestamp="28 May 2015 18:09:15 GMT" time="30.982" errors="0">
  <testcase name="testServicesPageNav" time="30.982" classname="com.xpanxion.training.java.selenium.automation.homeHeaderTest"/>
</testsuite> <!-- com.xpanxion.training.java.selenium.automation.homeHeaderTest -->
