<?xml version="1.0" encoding="UTF-8"?>
<!-- Generated by org.testng.reporters.JUnitReportReporter -->
<testsuite hostname="MAN-Dell1076" name="xpanxion.SDETexam.selenium.test.homeHeaderTest" tests="6" failures="0" timestamp="1 Jun 2015 19:36:25 GMT" time="146.316" errors="0">
  <testcase name="testAboutPageNav" time="25.713" classname="xpanxion.SDETexam.selenium.test.homeHeaderTest"/>
  <testcase name="testHomePageNav" time="20.952" classname="xpanxion.SDETexam.selenium.test.homeHeaderTest"/>
  <testcase name="testServicesPageNav" time="23.619" classname="xpanxion.SDETexam.selenium.test.homeHeaderTest"/>
  <testcase name="testApproachPageNav" time="26.038" classname="xpanxion.SDETexam.selenium.test.homeHeaderTest"/>
  <testcase name="testCareersPageNav" time="23.851" classname="xpanxion.SDETexam.selenium.test.homeHeaderTest"/>
  <testcase name="testContactPageNav" time="26.143" classname="xpanxion.SDETexam.selenium.test.homeHeaderTest"/>
</testsuite> <!-- xpanxion.SDETexam.selenium.test.homeHeaderTest -->
