<?xml version="1.0" encoding="UTF-8"?>
<!-- Generated by org.testng.reporters.JUnitReportReporter -->
<testsuite hostname="MAN-Dell1076" name="com.xpanxion.training.java.selenium.automation.SampleTest" tests="1" failures="0" timestamp="27 May 2015 19:33:44 GMT" time="12.880" errors="0">
  <testcase name="test" time="12.880" classname="com.xpanxion.training.java.selenium.automation.SampleTest"/>
</testsuite> <!-- com.xpanxion.training.java.selenium.automation.SampleTest -->
