<?xml version="1.0" encoding="UTF-8"?>
<!-- Generated by org.testng.reporters.JUnitReportReporter -->
<testsuite hostname="MAN-Dell1076" name="xpanxion.SDETexam.selenium.test.SampleTest" tests="1" failures="0" timestamp="1 Jun 2015 19:32:17 GMT" time="16.162" errors="0">
  <testcase name="test" time="16.162" classname="xpanxion.SDETexam.selenium.test.SampleTest"/>
</testsuite> <!-- xpanxion.SDETexam.selenium.test.SampleTest -->
